20:21:42:009  WARN 26512 --- [Thread-7] c.a.n.common.http.HttpClientBeanHolder   : [HttpClientBeanHolder] Start destroying common HttpClient
20:21:42:009  WARN 26512 --- [Thread-4] c.a.nacos.common.notify.NotifyCenter     : [NotifyCenter] Start destroying Publisher
20:21:42:012  WARN 26512 --- [Thread-4] c.a.nacos.common.notify.NotifyCenter     : [NotifyCenter] Destruction of the end
20:21:42:013  WARN 26512 --- [Thread-7] c.a.n.common.http.HttpClientBeanHolder   : [HttpClientBeanHolder] Destruction of the end
20:21:42:041  INFO 26512 --- [SpringApplicationShutdownHook] c.a.c.n.registry.NacosServiceRegistry    : De-registering from Nacos Server now...
20:21:42:043  INFO 26512 --- [SpringApplicationShutdownHook] c.a.c.n.registry.NacosServiceRegistry    : De-registration finished.
20:21:42:376  INFO 26512 --- [SpringApplicationShutdownHook] com.alibaba.nacos.common.remote.client   : Shutdown rpc client, set status to shutdown
20:21:42:376  INFO 26512 --- [SpringApplicationShutdownHook] com.alibaba.nacos.common.remote.client   : Shutdown client event executor java.util.concurrent.ScheduledThreadPoolExecutor@1a85e86e[Running, pool size = 2, active threads = 2, queued tasks = 0, completed tasks = 0]
20:21:42:377  INFO 26512 --- [SpringApplicationShutdownHook] com.alibaba.nacos.common.remote.client   : Close current connection 1719252709934_192.168.200.1_62485
20:21:42:378  INFO 26512 --- [nacos-grpc-client-executor-64810] c.a.n.c.remote.client.grpc.GrpcClient    : [1719252709934_192.168.200.1_62485]Ignore complete event,isRunning:false,isAbandon=false
20:21:42:381  INFO 26512 --- [SpringApplicationShutdownHook] c.a.n.c.remote.client.grpc.GrpcClient    : Shutdown grpc executor java.util.concurrent.ThreadPoolExecutor@5690c2a8[Running, pool size = 5, active threads = 0, queued tasks = 0, completed tasks = 64811]
20:21:42:387  INFO 26512 --- [SpringApplicationShutdownHook] com.zaxxer.hikari.HikariDataSource       : HikariPool-1 - Shutdown initiated...
20:21:42:392  INFO 26512 --- [SpringApplicationShutdownHook] com.zaxxer.hikari.HikariDataSource       : HikariPool-1 - Shutdown completed.
20:21:46:554  INFO 24148 --- [main] com.hmall.pay.PayApplication             : Starting PayApplication using Java 19 on lijie1037 with PID 24148 (E:\project_java\SpringCloud微服务—资料\day03-微服务01\资料\hmall\pay-service\target\classes started by lijie in E:\project_java\SpringCloud微服务—资料\day03-微服务01\资料\hmall)
20:21:46:556 DEBUG 24148 --- [main] com.hmall.pay.PayApplication             : Running with Spring Boot v2.7.12, Spring v5.3.27
20:21:46:556  INFO 24148 --- [main] com.hmall.pay.PayApplication             : The following 1 profile is active: "local"
20:21:47:633  INFO 24148 --- [main] o.s.cloud.context.scope.GenericScope     : BeanFactory id=f58b9e1f-da6a-3029-b65b-4a8a7624faa0
20:21:48:006  INFO 24148 --- [main] o.s.b.w.embedded.tomcat.TomcatWebServer  : Tomcat initialized with port(s): 8086 (http)
20:21:48:014  INFO 24148 --- [main] o.apache.catalina.core.StandardService   : Starting service [Tomcat]
20:21:48:014  INFO 24148 --- [main] org.apache.catalina.core.StandardEngine  : Starting Servlet engine: [Apache Tomcat/9.0.75]
20:21:48:117  INFO 24148 --- [main] o.a.c.c.C.[Tomcat].[localhost].[/]       : Initializing Spring embedded WebApplicationContext
20:21:48:118  INFO 24148 --- [main] w.s.c.ServletWebServerApplicationContext : Root WebApplicationContext: initialization completed in 1514 ms
20:21:48:310  INFO 24148 --- [main] o.s.c.openfeign.FeignClientFactoryBean   : For 'user-service' URL not provided. Will try picking an instance via load-balancing.
20:21:48:353  INFO 24148 --- [main] o.s.c.openfeign.FeignClientFactoryBean   : For 'order-service' URL not provided. Will try picking an instance via load-balancing.
20:21:49:119  INFO 24148 --- [main] pertySourcedRequestMappingHandlerMapping : Mapped URL path [/v2/api-docs] onto method [springfox.documentation.swagger2.web.Swagger2ControllerWebMvc#getDocumentation(String, HttpServletRequest)]
20:21:49:492  INFO 24148 --- [main] com.alibaba.nacos.common.remote.client   : [RpcClientFactory] create a new rpc client of 99476918-4c8b-4efc-8bc8-126a0b64747c
20:21:49:545  INFO 24148 --- [main] org.reflections.Reflections              : Reflections took 26 ms to scan 1 urls, producing 3 keys and 6 values 
20:21:49:568  INFO 24148 --- [main] org.reflections.Reflections              : Reflections took 9 ms to scan 1 urls, producing 4 keys and 9 values 
20:21:49:579  INFO 24148 --- [main] org.reflections.Reflections              : Reflections took 8 ms to scan 1 urls, producing 3 keys and 10 values 
20:21:49:580  WARN 24148 --- [main] org.reflections.Reflections              : given scan urls are empty. set urls in the configuration
20:21:49:587  INFO 24148 --- [main] org.reflections.Reflections              : Reflections took 6 ms to scan 1 urls, producing 1 keys and 5 values 
20:21:49:595  INFO 24148 --- [main] org.reflections.Reflections              : Reflections took 6 ms to scan 1 urls, producing 1 keys and 7 values 
20:21:49:603  INFO 24148 --- [main] org.reflections.Reflections              : Reflections took 6 ms to scan 1 urls, producing 2 keys and 8 values 
20:21:49:605  WARN 24148 --- [main] org.reflections.Reflections              : given scan urls are empty. set urls in the configuration
20:21:49:606  INFO 24148 --- [main] com.alibaba.nacos.common.remote.client   : [99476918-4c8b-4efc-8bc8-126a0b64747c] RpcClient init label, labels = {module=naming, source=sdk}
20:21:49:608  INFO 24148 --- [main] com.alibaba.nacos.common.remote.client   : [99476918-4c8b-4efc-8bc8-126a0b64747c] RpcClient init, ServerListFactory = com.alibaba.nacos.client.naming.core.ServerListManager
20:21:49:608  INFO 24148 --- [main] com.alibaba.nacos.common.remote.client   : [99476918-4c8b-4efc-8bc8-126a0b64747c] Registry connection listener to current client:com.alibaba.nacos.client.naming.remote.gprc.redo.NamingGrpcRedoService
20:21:49:608  INFO 24148 --- [main] com.alibaba.nacos.common.remote.client   : [99476918-4c8b-4efc-8bc8-126a0b64747c] Register server push request handler:com.alibaba.nacos.client.naming.remote.gprc.NamingPushRequestHandler
20:21:49:610  INFO 24148 --- [main] com.alibaba.nacos.common.remote.client   : [99476918-4c8b-4efc-8bc8-126a0b64747c] Try to connect to server on start up, server: {serverIp = '192.168.200.130', server main port = 8848}
20:21:50:448  INFO 24148 --- [main] com.alibaba.nacos.common.remote.client   : [99476918-4c8b-4efc-8bc8-126a0b64747c] Success to connect to server [192.168.200.130:8848] on start up, connectionId = 1719577310952_192.168.200.1_56102
20:21:50:450  INFO 24148 --- [com.alibaba.nacos.client.remote.worker] com.alibaba.nacos.common.remote.client   : [99476918-4c8b-4efc-8bc8-126a0b64747c] Notify connected event to listeners.
20:21:50:451  INFO 24148 --- [main] com.alibaba.nacos.common.remote.client   : [99476918-4c8b-4efc-8bc8-126a0b64747c] Register server push request handler:com.alibaba.nacos.common.remote.client.RpcClient$ConnectResetRequestHandler
20:21:50:452  INFO 24148 --- [main] com.alibaba.nacos.common.remote.client   : [99476918-4c8b-4efc-8bc8-126a0b64747c] Register server push request handler:com.alibaba.nacos.common.remote.client.RpcClient$$Lambda$1005/0x000000080179db68
20:21:50:511  INFO 24148 --- [main] o.s.b.w.embedded.tomcat.TomcatWebServer  : Tomcat started on port(s): 8086 (http) with context path ''
20:21:50:520  INFO 24148 --- [main] c.a.c.n.registry.NacosServiceRegistry    : nacos registry, DEFAULT_GROUP pay-service 192.168.75.1:8086 register finished
20:21:50:646  INFO 24148 --- [main] d.s.w.p.DocumentationPluginsBootstrapper : Documentation plugins bootstrapped
20:21:50:648  INFO 24148 --- [main] d.s.w.p.DocumentationPluginsBootstrapper : Found 1 custom documentation plugin(s)
20:21:50:667  INFO 24148 --- [main] s.d.s.w.s.ApiListingReferenceScanner     : Scanning for api listing references
20:21:50:758  INFO 24148 --- [main] com.hmall.pay.PayApplication             : Started PayApplication in 4.89 seconds (JVM running for 5.636)
20:21:51:070  INFO 24148 --- [nacos-grpc-client-executor-8] com.alibaba.nacos.common.remote.client   : [99476918-4c8b-4efc-8bc8-126a0b64747c] Receive server push request, request = NotifySubscriberRequest, requestId = 49
20:21:51:076  INFO 24148 --- [nacos-grpc-client-executor-8] com.alibaba.nacos.common.remote.client   : [99476918-4c8b-4efc-8bc8-126a0b64747c] Ack server push request, request = NotifySubscriberRequest, requestId = 49
20:22:23:367  INFO 24148 --- [http-nio-8086-exec-1] o.a.c.c.C.[Tomcat].[localhost].[/]       : Initializing Spring DispatcherServlet 'dispatcherServlet'
20:22:23:367  INFO 24148 --- [http-nio-8086-exec-1] o.s.web.servlet.DispatcherServlet        : Initializing Servlet 'dispatcherServlet'
20:22:23:368  INFO 24148 --- [http-nio-8086-exec-1] o.s.web.servlet.DispatcherServlet        : Completed initialization in 1 ms
20:22:28:322  INFO 24148 --- [http-nio-8086-exec-3] com.zaxxer.hikari.HikariDataSource       : HikariPool-1 - Starting...
20:22:28:550  INFO 24148 --- [http-nio-8086-exec-3] com.zaxxer.hikari.HikariDataSource       : HikariPool-1 - Start completed.
20:22:28:558 DEBUG 24148 --- [http-nio-8086-exec-3] c.h.p.mapper.PayOrderMapper.selectList   : ==>  Preparing: SELECT id,biz_order_no,pay_order_no,biz_user_id,pay_channel_code,amount,pay_type,status,expand_json,result_code,result_msg,pay_success_time,pay_over_time,qr_code_url,create_time,update_time,creater,updater,is_delete FROM pay_order
20:22:28:579 DEBUG 24148 --- [http-nio-8086-exec-3] c.h.p.mapper.PayOrderMapper.selectList   : ==> Parameters: 
20:22:28:604 DEBUG 24148 --- [http-nio-8086-exec-3] c.h.p.mapper.PayOrderMapper.selectList   : <==      Total: 2
